<?xml version="1.0" encoding="UTF-8"?>
<testng-results ignored="0" total="1" passed="1" failed="0" skipped="0">
  <reporter-output>
  </reporter-output>
  <suite started-at="2025-04-09T13:17:15 IST" name="Default suite" finished-at="2025-04-09T13:17:54 IST" duration-ms="39408">
    <groups>
    </groups>
    <test started-at="2025-04-09T13:17:15 IST" name="Default test" finished-at="2025-04-09T13:17:54 IST" duration-ms="39408">
      <class name="runnerScripts.Just_Practice">
        <test-method is-config="true" signature="ConfigReports()[pri:0, instance:runnerScripts.Just_Practice@561b6512]" started-at="2025-04-09T13:17:15 IST" name="ConfigReports" finished-at="2025-04-09T13:17:15 IST" duration-ms="20" status="PASS">
          <reporter-output>
          </reporter-output>
        </test-method> <!-- ConfigReports -->
        <test-method is-config="true" signature="BrowserConfiguration()[pri:0, instance:runnerScripts.Just_Practice@561b6512]" started-at="2025-04-09T13:17:15 IST" name="BrowserConfiguration" finished-at="2025-04-09T13:17:43 IST" duration-ms="28015" status="PASS">
          <reporter-output>
          </reporter-output>
        </test-method> <!-- BrowserConfiguration -->
        <test-method is-config="true" signature="LaunchApplication()[pri:0, instance:runnerScripts.Just_Practice@561b6512]" started-at="2025-04-09T13:17:43 IST" name="LaunchApplication" finished-at="2025-04-09T13:17:51 IST" duration-ms="7686" status="PASS">
          <reporter-output>
          </reporter-output>
        </test-method> <!-- LaunchApplication -->
        <test-method signature="practice()[pri:0, instance:runnerScripts.Just_Practice@561b6512]" started-at="2025-04-09T13:17:51 IST" name="practice" finished-at="2025-04-09T13:17:51 IST" duration-ms="18" status="PASS">
          <reporter-output>
          </reporter-output>
        </test-method> <!-- practice -->
        <test-method is-config="true" signature="CloseApplication()[pri:0, instance:runnerScripts.Just_Practice@561b6512]" started-at="2025-04-09T13:17:51 IST" name="CloseApplication" finished-at="2025-04-09T13:17:54 IST" duration-ms="3056" status="PASS">
          <reporter-output>
          </reporter-output>
        </test-method> <!-- CloseApplication -->
        <test-method is-config="true" signature="CloseBrowser()[pri:0, instance:runnerScripts.Just_Practice@561b6512]" started-at="2025-04-09T13:17:54 IST" name="CloseBrowser" finished-at="2025-04-09T13:17:54 IST" duration-ms="520" status="PASS">
          <reporter-output>
          </reporter-output>
        </test-method> <!-- CloseBrowser -->
        <test-method is-config="true" signature="FlushReports()[pri:0, instance:runnerScripts.Just_Practice@561b6512]" started-at="2025-04-09T13:17:54 IST" name="FlushReports" finished-at="2025-04-09T13:17:54 IST" duration-ms="1" status="PASS">
          <reporter-output>
          </reporter-output>
        </test-method> <!-- FlushReports -->
      </class> <!-- runnerScripts.Just_Practice -->
    </test> <!-- Default test -->
  </suite> <!-- Default suite -->
</testng-results>
